1673391591118	geckodriver	INFO	Listening on 127.0.0.1:37163
1673391591633	mozrunner::runner	INFO	Running command: "/usr/bin/firefox" "--marionette" "--remote-debugging-port" "36631" "--remote-allow-hosts" "localhost" "-no-remote" "-profile" "/tmp/rust_mozprofileDWuKAq"
[GFX1-]: glxtest: VA-API test failed: no supported VAAPI profile found.
ATTENTION: default value of option mesa_glthread overridden by environment.
ATTENTION: default value of option mesa_glthread overridden by environment.
1673391609122	Marionette	INFO	Marionette enabled
1673391609176	Marionette	INFO	Listening on port 44755
Read port: 44755
ATTENTION: default value of option mesa_glthread overridden by environment.
Read port: 44755
Read port: 44755
WebDriver BiDi listening on ws://127.0.0.1:36631
1673391612394	RemoteAgent	WARN	TLS certificate errors will be ignored for this session
console.error: Region.sys.mjs: "Error fetching region" (new TypeError("NetworkError when attempting to fetch resource.", ""))
console.error: Region.sys.mjs: "Failed to fetch region" (new Error("NO_RESULT", "resource://gre/modules/Region.sys.mjs", 416))
console.warn: SearchSettings: "get: No settings file exists, new profile?" (new NotFoundError("Could not open the file at /tmp/rust_mozprofileDWuKAq/search.json.mozlz4", (void 0)))
DevTools listening on ws://127.0.0.1:36631/devtools/browser/7aedea7a-4ad5-4a12-9bf7-94d7460b13df
1673391687968	Marionette	INFO	Stopped listening on port 44755
console.warn: TopSitesFeed: Failed to fetch data from Contile server: NetworkError when attempting to fetch resource.
1673391769427	geckodriver	INFO	Listening on 127.0.0.1:60381
1673391769993	mozrunner::runner	INFO	Running command: "/usr/bin/firefox" "--marionette" "--remote-debugging-port" "50505" "--remote-allow-hosts" "localhost" "-no-remote" "-profile" "/tmp/rust_mozprofileGvCTBg"
[GFX1-]: glxtest: VA-API test failed: no supported VAAPI profile found.
ATTENTION: default value of option mesa_glthread overridden by environment.
ATTENTION: default value of option mesa_glthread overridden by environment.
1673391774564	Marionette	INFO	Marionette enabled
1673391774588	Marionette	INFO	Listening on port 35211
Read port: 35211
ATTENTION: default value of option mesa_glthread overridden by environment.
WebDriver BiDi listening on ws://127.0.0.1:50505
1673391775517	RemoteAgent	WARN	TLS certificate errors will be ignored for this session
console.error: Region.sys.mjs: "Error fetching region" (new TypeError("NetworkError when attempting to fetch resource.", ""))
console.error: Region.sys.mjs: "Failed to fetch region" (new Error("NO_RESULT", "resource://gre/modules/Region.sys.mjs", 416))
console.warn: SearchSettings: "get: No settings file exists, new profile?" (new NotFoundError("Could not open the file at /tmp/rust_mozprofileGvCTBg/search.json.mozlz4", (void 0)))
1673391789369	Marionette	INFO	Stopped listening on port 35211
1673391789496	CDP	WARN	Failed to remove undefined (Could not parse path (undefined): NS_ERROR_FILE_UNRECOGNIZED_PATH)
console.warn: TopSitesFeed: Failed to fetch data from Contile server: NetworkError when attempting to fetch resource.
Exiting due to channel error.
1673391809427	geckodriver	INFO	Listening on 127.0.0.1:40179
1673391809447	mozrunner::runner	INFO	Running command: "/usr/bin/firefox" "--marionette" "--remote-debugging-port" "58713" "--remote-allow-hosts" "localhost" "-no-remote" "-profile" "/tmp/rust_mozprofilefLXCBo"
[GFX1-]: glxtest: VA-API test failed: no supported VAAPI profile found.
ATTENTION: default value of option mesa_glthread overridden by environment.
ATTENTION: default value of option mesa_glthread overridden by environment.
1673391813217	Marionette	INFO	Marionette enabled
1673391813240	Marionette	INFO	Listening on port 42055
Read port: 42055
ATTENTION: default value of option mesa_glthread overridden by environment.
WebDriver BiDi listening on ws://127.0.0.1:58713
1673391813970	RemoteAgent	WARN	TLS certificate errors will be ignored for this session
console.error: Region.sys.mjs: "Error fetching region" (new TypeError("NetworkError when attempting to fetch resource.", ""))
console.error: Region.sys.mjs: "Failed to fetch region" (new Error("NO_RESULT", "resource://gre/modules/Region.sys.mjs", 416))
console.warn: SearchSettings: "get: No settings file exists, new profile?" (new NotFoundError("Could not open the file at /tmp/rust_mozprofilefLXCBo/search.json.mozlz4", (void 0)))
1673391823140	Marionette	INFO	Stopped listening on port 42055
1673391823275	CDP	WARN	Failed to remove undefined (Could not parse path (undefined): NS_ERROR_FILE_UNRECOGNIZED_PATH)
console.warn: TopSitesFeed: Failed to fetch data from Contile server: NetworkError when attempting to fetch resource.
Exiting due to channel error.
1673391916167	geckodriver	INFO	Listening on 127.0.0.1:57431
1673391916698	mozrunner::runner	INFO	Running command: "/usr/bin/firefox" "--marionette" "--remote-debugging-port" "41863" "--remote-allow-hosts" "localhost" "-no-remote" "-profile" "/tmp/rust_mozprofiler5BvcG"
[GFX1-]: glxtest: VA-API test failed: no supported VAAPI profile found.
ATTENTION: default value of option mesa_glthread overridden by environment.
ATTENTION: default value of option mesa_glthread overridden by environment.
1673391921381	Marionette	INFO	Marionette enabled
1673391921410	Marionette	INFO	Listening on port 33107
Read port: 33107
ATTENTION: default value of option mesa_glthread overridden by environment.
WebDriver BiDi listening on ws://127.0.0.1:41863
1673391922143	RemoteAgent	WARN	TLS certificate errors will be ignored for this session
console.error: Region.sys.mjs: "Error fetching region" (new TypeError("NetworkError when attempting to fetch resource.", ""))
console.error: Region.sys.mjs: "Failed to fetch region" (new Error("NO_RESULT", "resource://gre/modules/Region.sys.mjs", 416))
console.warn: SearchSettings: "get: No settings file exists, new profile?" (new NotFoundError("Could not open the file at /tmp/rust_mozprofiler5BvcG/search.json.mozlz4", (void 0)))
1673391934440	Marionette	INFO	Stopped listening on port 33107
1673391934606	CDP	WARN	Failed to remove undefined (Could not parse path (undefined): NS_ERROR_FILE_UNRECOGNIZED_PATH)
JavaScript error: resource://activity-stream/lib/ActivityStreamPrefs.jsm, line 27: NS_ERROR_ILLEGAL_VALUE: Component returned failure code: 0x80070057 (NS_ERROR_ILLEGAL_VALUE) [nsIPrefBranch.removeObserver]
console.warn: TopSitesFeed: Failed to fetch data from Contile server: NetworkError when attempting to fetch resource.
console.warn: SearchService: "#init: abandoning init due to shutting down"
JavaScript error: , line 0: uncaught exception: 2147500036
JavaScript error: , line 0: uncaught exception: 2147500036
JavaScript error: , line 0: uncaught exception: 2147500036
JavaScript error: , line 0: uncaught exception: 2147500036
JavaScript error: , line 0: uncaught exception: 2147500036
Exiting due to channel error.
1673393068109	geckodriver	INFO	Listening on 127.0.0.1:57567
1673393068582	mozrunner::runner	INFO	Running command: "/usr/bin/firefox" "--marionette" "--remote-debugging-port" "40873" "--remote-allow-hosts" "localhost" "-no-remote" "-profile" "/tmp/rust_mozprofilebdC216"
[GFX1-]: glxtest: VA-API test failed: no supported VAAPI profile found.
ATTENTION: default value of option mesa_glthread overridden by environment.
ATTENTION: default value of option mesa_glthread overridden by environment.
1673393090842	Marionette	INFO	Marionette enabled
1673393090959	Marionette	INFO	Listening on port 34255
Read port: 34255
ATTENTION: default value of option mesa_glthread overridden by environment.
Read port: 34255
Read port: 34255
Read port: 34255
WebDriver BiDi listening on ws://127.0.0.1:40873
1673393094878	RemoteAgent	WARN	TLS certificate errors will be ignored for this session
console.error: Region.sys.mjs: "Error fetching region" (new TypeError("NetworkError when attempting to fetch resource.", ""))
console.error: Region.sys.mjs: "Failed to fetch region" (new Error("NO_RESULT", "resource://gre/modules/Region.sys.mjs", 416))
console.warn: SearchSettings: "get: No settings file exists, new profile?" (new NotFoundError("Could not open the file at /tmp/rust_mozprofilebdC216/search.json.mozlz4", (void 0)))
DevTools listening on ws://127.0.0.1:40873/devtools/browser/97603474-a75f-4828-b5ed-1243b8e8f3fa
1673393145168	Marionette	INFO	Stopped listening on port 34255
console.warn: TopSitesFeed: Failed to fetch data from Contile server: NetworkError when attempting to fetch resource.
WARNING: A blocker encountered an error while we were waiting.
          Blocker:  Waiting for ping task
          Phase: TelemetryController: Waiting for pending ping activity
          State: (none)
WARNING: Error: Phase "profile-before-change" is finished, it is too late to register completion condition "OS.File: flush I/O queued before profileBeforeChange"
WARNING: addBlocker@resource://gre/modules/AsyncShutdown.jsm:703:15
addBlocker@resource://gre/modules/AsyncShutdown.jsm:511:26
addBlocker@resource://gre/modules/AsyncShutdown.jsm:450:15
setupShutdown@resource://gre/modules/osfile/osfile_async_front.jsm:1563:28
@resource://gre/modules/osfile/osfile_async_front.jsm:1583:16
@resource://gre/modules/osfile.jsm:12:30
@resource://gre/modules/TelemetryStorage.jsm:19:28
promiseArchivePing@resource://gre/modules/TelemetryArchive.jsm:103:5
promiseArchivePing@resource://gre/modules/TelemetryArchive.jsm:63:33
_submitPingLogic@resource://gre/modules/TelemetryControllerParent.jsm:540:48
send@resource://gre/modules/TelemetryControllerParent.jsm:628:24
submitExternalPing@resource://gre/modules/TelemetryControllerParent.jsm:182:17
sendPing@resource://gre/modules/EventPing.jsm:51:30
_submitPing@resource://gre/modules/EventPing.jsm:229:12
shutdown@resource://gre/modules/EventPing.jsm:112:10
_cleanupOnShutdown@resource://gre/modules/TelemetryControllerParent.jsm:940:31
shutdown/<@resource://gre/modules/TelemetryControllerParent.jsm:1010:24
observe@resource://gre/modules/AsyncShutdown.jsm:560:16

WARNING: A blocker encountered an error while we were waiting.
          Blocker:  Waiting for ping task
          Phase: TelemetryController: Waiting for pending ping activity
          State: (none)
WARNING: Error: Phase "profile-before-change" is finished, it is too late to register completion condition "OS.File: flush I/O queued before profileBeforeChange"
WARNING: addBlocker@resource://gre/modules/AsyncShutdown.jsm:703:15
addBlocker@resource://gre/modules/AsyncShutdown.jsm:511:26
addBlocker@resource://gre/modules/AsyncShutdown.jsm:450:15
setupShutdown@resource://gre/modules/osfile/osfile_async_front.jsm:1563:28
@resource://gre/modules/osfile/osfile_async_front.jsm:1583:16
@resource://gre/modules/osfile.jsm:12:30
@resource://gre/modules/TelemetryStorage.jsm:19:28
promiseArchivePing@resource://gre/modules/TelemetryArchive.jsm:103:5
promiseArchivePing@resource://gre/modules/TelemetryArchive.jsm:63:33
_submitPingLogic@resource://gre/modules/TelemetryControllerParent.jsm:540:48
send@resource://gre/modules/TelemetryControllerParent.jsm:628:24
submitExternalPing@resource://gre/modules/TelemetryControllerParent.jsm:182:17
saveShutdownPings@resource://gre/modules/TelemetrySession.jsm:982:34
shutdownChromeProcess/cleanup/<@resource://gre/modules/TelemetrySession.jsm:1232:20
cleanup@resource://gre/modules/TelemetrySession.jsm:1239:9
shutdownChromeProcess@resource://gre/modules/TelemetrySession.jsm:1256:14
shutdown@resource://gre/modules/TelemetrySession.jsm:247:17
_cleanupOnShutdown@resource://gre/modules/TelemetryControllerParent.jsm:959:35
observe@resource://gre/modules/AsyncShutdown.jsm:560:16

WARNING: A blocker encountered an error while we were waiting.
          Blocker:  Waiting for ping task
          Phase: TelemetryController: Waiting for pending ping activity
          State: (none)
WARNING: Error: Phase "profile-before-change" is finished, it is too late to register completion condition "OS.File: flush I/O queued before profileBeforeChange"
WARNING: addBlocker@resource://gre/modules/AsyncShutdown.jsm:703:15
addBlocker@resource://gre/modules/AsyncShutdown.jsm:511:26
addBlocker@resource://gre/modules/AsyncShutdown.jsm:450:15
setupShutdown@resource://gre/modules/osfile/osfile_async_front.jsm:1563:28
@resource://gre/modules/osfile/osfile_async_front.jsm:1583:16
@resource://gre/modules/osfile.jsm:12:30
@resource://gre/modules/TelemetryStorage.jsm:19:28
promiseArchivePing@resource://gre/modules/TelemetryArchive.jsm:103:5
promiseArchivePing@resource://gre/modules/TelemetryArchive.jsm:63:33
_submitPingLogic@resource://gre/modules/TelemetryControllerParent.jsm:540:48
send@resource://gre/modules/TelemetryControllerParent.jsm:628:24
submitExternalPing@resource://gre/modules/TelemetryControllerParent.jsm:182:17
saveShutdownPings@resource://gre/modules/TelemetrySession.jsm:1014:36
shutdownChromeProcess/cleanup/<@resource://gre/modules/TelemetrySession.jsm:1232:20
cleanup@resource://gre/modules/TelemetrySession.jsm:1239:9
shutdownChromeProcess@resource://gre/modules/TelemetrySession.jsm:1256:14
shutdown@resource://gre/modules/TelemetrySession.jsm:247:17
_cleanupOnShutdown@resource://gre/modules/TelemetryControllerParent.jsm:959:35
observe@resource://gre/modules/AsyncShutdown.jsm:560:16

WARNING: A blocker encountered an error while we were waiting.
          Blocker:  TelemetryController: shutting down
          Phase: profile-before-change-telemetry
          State: Error getting state: Error: Phase "profile-before-change" is finished, it is too late to register completion condition "OS.File: flush I/O queued before profileBeforeChange" at addBlocker@resource://gre/modules/AsyncShutdown.jsm:703:15
addBlocker@resource://gre/modules/AsyncShutdown.jsm:511:26
addBlocker@resource://gre/modules/AsyncShutdown.jsm:450:15
setupShutdown@resource://gre/modules/osfile/osfile_async_front.jsm:1563:28
@resource://gre/modules/osfile/osfile_async_front.jsm:1583:16
@resource://gre/modules/osfile.jsm:12:30
@resource://gre/modules/TelemetryStorage.jsm:19:28
getShutdownState@resource://gre/modules/TelemetrySend.jsm:1687:7
getShutdownState@resource://gre/modules/TelemetrySend.jsm:369:30
_getState@resource://gre/modules/TelemetryControllerParent.jsm:1058:38
setupTelemetry/<@resource://gre/modules/TelemetryControllerParent.jsm:917:18
safeGetState@resource://gre/modules/AsyncShutdown.jsm:242:17
Barrier/addBlocker/promise<@resource://gre/modules/AsyncShutdown.jsm:751:20
observe@resource://gre/modules/AsyncShutdown.jsm:560:16

WARNING: Error: Phase "profile-before-change" is finished, it is too late to register completion condition "OS.File: flush I/O queued before profileBeforeChange"
WARNING: addBlocker@resource://gre/modules/AsyncShutdown.jsm:703:15
addBlocker@resource://gre/modules/AsyncShutdown.jsm:511:26
addBlocker@resource://gre/modules/AsyncShutdown.jsm:450:15
setupShutdown@resource://gre/modules/osfile/osfile_async_front.jsm:1563:28
@resource://gre/modules/osfile/osfile_async_front.jsm:1583:16
@resource://gre/modules/osfile.jsm:12:30
@resource://gre/modules/TelemetryStorage.jsm:19:28
removeAbortedSessionPing@resource://gre/modules/TelemetryControllerParent.jsm:721:5
removeAbortedSessionPing@resource://gre/modules/TelemetryControllerParent.jsm:249:17
shutdownChromeProcess/cleanup/<@resource://gre/modules/TelemetrySession.jsm:1235:42
observe@resource://gre/modules/AsyncShutdown.jsm:560:16

JavaScript error: resource://gre/modules/AsyncShutdown.jsm, line 703: Error: Phase "profile-before-change" is finished, it is too late to register completion condition "OS.File: flush I/O queued before profileBeforeChange"
JavaScript error: resource://gre/modules/AsyncShutdown.jsm, line 703: Error: Phase "profile-before-change" is finished, it is too late to register completion condition "OS.File: flush I/O queued before profileBeforeChange"
JavaScript error: resource://gre/modules/AsyncShutdown.jsm, line 703: Error: Phase "profile-before-change" is finished, it is too late to register completion condition "OS.File: flush I/O queued before profileBeforeChange"
JavaScript error: resource://gre/modules/AsyncShutdown.jsm, line 703: Error: Phase "profile-before-change" is finished, it is too late to register completion condition "OS.File: flush I/O queued before profileBeforeChange"
JavaScript error: resource://gre/modules/AsyncShutdown.jsm, line 703: Error: Phase "profile-before-change" is finished, it is too late to register completion condition "OS.File: flush I/O queued before profileBeforeChange"
JavaScript error: resource://gre/modules/AsyncShutdown.jsm, line 703: Error: Phase "profile-before-change" is finished, it is too late to register completion condition "OS.File: flush I/O queued before profileBeforeChange"
1673395743513	geckodriver	INFO	Listening on 127.0.0.1:35451
1673395743931	mozrunner::runner	INFO	Running command: "/usr/bin/firefox" "--marionette" "--remote-debugging-port" "43177" "--remote-allow-hosts" "localhost" "-no-remote" "-profile" "/tmp/rust_mozprofileuN3W9c"
[GFX1-]: glxtest: VA-API test failed: no supported VAAPI profile found.
ATTENTION: default value of option mesa_glthread overridden by environment.
ATTENTION: default value of option mesa_glthread overridden by environment.
1673395750796	Marionette	INFO	Marionette enabled
1673395750858	Marionette	INFO	Listening on port 39227
Read port: 39227
ATTENTION: default value of option mesa_glthread overridden by environment.
WebDriver BiDi listening on ws://127.0.0.1:43177
Read port: 39227
1673395752774	RemoteAgent	WARN	TLS certificate errors will be ignored for this session
console.error: Region.sys.mjs: "Error fetching region" (new Error("TIMEOUT", "resource://gre/modules/Region.sys.mjs", 764))
console.error: Region.sys.mjs: "Failed to fetch region" (new Error("TIMEOUT", "resource://gre/modules/Region.sys.mjs", 416))
console.warn: SearchSettings: "get: No settings file exists, new profile?" (new NotFoundError("Could not open the file at /tmp/rust_mozprofileuN3W9c/search.json.mozlz4", (void 0)))
DevTools listening on ws://127.0.0.1:43177/devtools/browser/2a0b5d64-05dc-4797-8a6d-18e0f20e312d
JavaScript warning: https://bazara.co.mz/static/version20220821001337/frontend/Vodacom/Bazara/pt_PT/Sm_CartQuickPro/js/custom-addtocart.min.js, line 16: unreachable code after return statement
JavaScript warning: https://bazara.co.mz/static/version20220821001337/frontend/Vodacom/Bazara/pt_PT/Sm_CartQuickPro/js/custom-addtocart.min.js, line 17: unreachable code after return statement
console.warn: LoginRecipes: "Falling back to a synchronous message for: https://bazara.co.mz."
1673395859412	Marionette	INFO	Stopped listening on port 39227
console.warn: TopSitesFeed: Failed to fetch data from Contile server: NetworkError when attempting to fetch resource.
1673395879955	geckodriver	INFO	Listening on 127.0.0.1:42673
1673395880449	mozrunner::runner	INFO	Running command: "/usr/bin/firefox" "--marionette" "--remote-debugging-port" "57431" "--remote-allow-hosts" "localhost" "-no-remote" "-profile" "/tmp/rust_mozprofiletIhKpj"
[GFX1-]: glxtest: VA-API test failed: no supported VAAPI profile found.
ATTENTION: default value of option mesa_glthread overridden by environment.
ATTENTION: default value of option mesa_glthread overridden by environment.
1673395883262	Marionette	INFO	Marionette enabled
1673395883280	Marionette	INFO	Listening on port 38325
Read port: 38325
ATTENTION: default value of option mesa_glthread overridden by environment.
WebDriver BiDi listening on ws://127.0.0.1:57431
1673395883769	RemoteAgent	WARN	TLS certificate errors will be ignored for this session
console.warn: SearchSettings: "get: No settings file exists, new profile?" (new NotFoundError("Could not open the file at /tmp/rust_mozprofiletIhKpj/search.json.mozlz4", (void 0)))
DevTools listening on ws://127.0.0.1:57431/devtools/browser/609b834b-5ae3-4012-8126-4be03a1de105
JavaScript warning: https://bazara.co.mz/static/version20220821001337/frontend/Vodacom/Bazara/pt_PT/Sm_CartQuickPro/js/custom-addtocart.min.js, line 16: unreachable code after return statement
JavaScript warning: https://bazara.co.mz/static/version20220821001337/frontend/Vodacom/Bazara/pt_PT/Sm_CartQuickPro/js/custom-addtocart.min.js, line 17: unreachable code after return statement
console.warn: LoginRecipes: "Falling back to a synchronous message for: https://bazara.co.mz."
1673396096313	geckodriver	INFO	Listening on 127.0.0.1:60511
1673396096819	mozrunner::runner	INFO	Running command: "/usr/bin/firefox" "--marionette" "--remote-debugging-port" "50069" "--remote-allow-hosts" "localhost" "-no-remote" "-profile" "/tmp/rust_mozprofileHqWACB"
[GFX1-]: glxtest: VA-API test failed: no supported VAAPI profile found.
ATTENTION: default value of option mesa_glthread overridden by environment.
ATTENTION: default value of option mesa_glthread overridden by environment.
1673396100550	Marionette	INFO	Marionette enabled
1673396100565	Marionette	INFO	Listening on port 45563
Read port: 45563
ATTENTION: default value of option mesa_glthread overridden by environment.
WebDriver BiDi listening on ws://127.0.0.1:50069
1673396101115	RemoteAgent	WARN	TLS certificate errors will be ignored for this session
console.warn: SearchSettings: "get: No settings file exists, new profile?" (new NotFoundError("Could not open the file at /tmp/rust_mozprofileHqWACB/search.json.mozlz4", (void 0)))
DevTools listening on ws://127.0.0.1:50069/devtools/browser/4eb58d06-56df-4b91-a094-83469d32775d
JavaScript warning: https://bazara.co.mz/static/version20220821001337/frontend/Vodacom/Bazara/pt_PT/Sm_CartQuickPro/js/custom-addtocart.min.js, line 16: unreachable code after return statement
JavaScript warning: https://bazara.co.mz/static/version20220821001337/frontend/Vodacom/Bazara/pt_PT/Sm_CartQuickPro/js/custom-addtocart.min.js, line 17: unreachable code after return statement
console.warn: LoginRecipes: "Falling back to a synchronous message for: https://bazara.co.mz."
1673396189966	Marionette	WARN	TimedPromise timed out after 500 ms: stacktrace:
TimedPromise/<@chrome://remote/content/marionette/sync.sys.mjs:219:24
TimedPromise@chrome://remote/content/marionette/sync.sys.mjs:204:10
interaction.flushEventLoop@chrome://remote/content/marionette/interaction.sys.mjs:425:10
webdriverClickElement@chrome://remote/content/marionette/interaction.sys.mjs:173:31
1673396361020	Marionette	INFO	Stopped listening on port 45563
console.warn: TopSitesFeed: Failed to fetch data from Contile server: NetworkError when attempting to fetch resource.
1673396364839	Marionette	INFO	Stopped listening on port 38325
console.warn: TopSitesFeed: Failed to fetch data from Contile server: NetworkError when attempting to fetch resource.
1673397161272	geckodriver	INFO	Listening on 127.0.0.1:41391
1673397161749	mozrunner::runner	INFO	Running command: "/usr/bin/firefox" "--marionette" "--remote-debugging-port" "37805" "--remote-allow-hosts" "localhost" "-no-remote" "-profile" "/tmp/rust_mozprofileILr0lt"
[GFX1-]: glxtest: VA-API test failed: no supported VAAPI profile found.
ATTENTION: default value of option mesa_glthread overridden by environment.
ATTENTION: default value of option mesa_glthread overridden by environment.
1673397168147	Marionette	INFO	Marionette enabled
1673397168167	Marionette	INFO	Listening on port 46755
Read port: 46755
ATTENTION: default value of option mesa_glthread overridden by environment.
WebDriver BiDi listening on ws://127.0.0.1:37805
1673397168677	RemoteAgent	WARN	TLS certificate errors will be ignored for this session
console.warn: SearchSettings: "get: No settings file exists, new profile?" (new NotFoundError("Could not open the file at /tmp/rust_mozprofileILr0lt/search.json.mozlz4", (void 0)))
console.error: Region.sys.mjs: "Error fetching region" (new Error("TIMEOUT", "resource://gre/modules/Region.sys.mjs", 764))
console.error: Region.sys.mjs: "Failed to fetch region" (new Error("TIMEOUT", "resource://gre/modules/Region.sys.mjs", 416))
DevTools listening on ws://127.0.0.1:37805/devtools/browser/b3b57bfb-b80d-4a8b-8347-a7eebf91565f
1673397558173	addons.xpi	ERROR	System addon update list error Error: Failed downloading XML, status: 0, reason: error
1673397596095	Marionette	INFO	Stopped listening on port 46755
console.warn: TopSitesFeed: Failed to fetch data from Contile server: NetworkError when attempting to fetch resource.
1673422945199	geckodriver	INFO	Listening on 127.0.0.1:54025
1673422945598	mozrunner::runner	INFO	Running command: "/usr/bin/firefox" "--marionette" "--remote-debugging-port" "42415" "--remote-allow-hosts" "localhost" "-no-remote" "-profile" "/tmp/rust_mozprofile7qwvpr"
[GFX1-]: glxtest: VA-API test failed: no supported VAAPI profile found.
ATTENTION: default value of option mesa_glthread overridden by environment.
ATTENTION: default value of option mesa_glthread overridden by environment.
1673422959566	Marionette	INFO	Marionette enabled
1673422959594	Marionette	INFO	Listening on port 46531
Read port: 46531
ATTENTION: default value of option mesa_glthread overridden by environment.
Read port: 46531
WebDriver BiDi listening on ws://127.0.0.1:42415
1673422961891	RemoteAgent	WARN	TLS certificate errors will be ignored for this session
console.error: Region.sys.mjs: "Error fetching region" (new Error("TIMEOUT", "resource://gre/modules/Region.sys.mjs", 764))
console.error: Region.sys.mjs: "Failed to fetch region" (new Error("TIMEOUT", "resource://gre/modules/Region.sys.mjs", 416))
console.warn: SearchSettings: "get: No settings file exists, new profile?" (new NotFoundError("Could not open the file at /tmp/rust_mozprofile7qwvpr/search.json.mozlz4", (void 0)))
DevTools listening on ws://127.0.0.1:42415/devtools/browser/563362ec-11a2-49a2-b57e-22e34230fb5f
JavaScript warning: https://bazara.co.mz/static/version20220821001337/frontend/Vodacom/Bazara/pt_PT/Sm_CartQuickPro/js/custom-addtocart.min.js, line 16: unreachable code after return statement
JavaScript warning: https://bazara.co.mz/static/version20220821001337/frontend/Vodacom/Bazara/pt_PT/Sm_CartQuickPro/js/custom-addtocart.min.js, line 17: unreachable code after return statement
console.warn: LoginRecipes: "Falling back to a synchronous message for: https://bazara.co.mz."
1673423127903	geckodriver	INFO	Listening on 127.0.0.1:39359
1673423128435	mozrunner::runner	INFO	Running command: "/usr/bin/firefox" "--marionette" "--remote-debugging-port" "42869" "--remote-allow-hosts" "localhost" "-no-remote" "-profile" "/tmp/rust_mozprofileZok7ne"
[GFX1-]: glxtest: VA-API test failed: no supported VAAPI profile found.
ATTENTION: default value of option mesa_glthread overridden by environment.
ATTENTION: default value of option mesa_glthread overridden by environment.
1673423133236	Marionette	INFO	Marionette enabled
1673423133264	Marionette	INFO	Listening on port 36611
Read port: 36611
ATTENTION: default value of option mesa_glthread overridden by environment.
WebDriver BiDi listening on ws://127.0.0.1:42869
1673423134288	RemoteAgent	WARN	TLS certificate errors will be ignored for this session
1673423137163	Marionette	INFO	Stopped listening on port 46531
console.warn: TopSitesFeed: Failed to fetch data from Contile server: NetworkError when attempting to fetch resource.
console.warn: SearchSettings: "get: No settings file exists, new profile?" (new NotFoundError("Could not open the file at /tmp/rust_mozprofileZok7ne/search.json.mozlz4", (void 0)))
console.error: Region.sys.mjs: "Error fetching region" (new Error("TIMEOUT", "resource://gre/modules/Region.sys.mjs", 764))
console.error: Region.sys.mjs: "Failed to fetch region" (new Error("TIMEOUT", "resource://gre/modules/Region.sys.mjs", 416))
DevTools listening on ws://127.0.0.1:42869/devtools/browser/cff692e1-0386-4c86-8747-13bf1f11527d
JavaScript warning: https://bazara.co.mz/static/version20220821001337/frontend/Vodacom/Bazara/pt_PT/Sm_CartQuickPro/js/custom-addtocart.min.js, line 16: unreachable code after return statement
JavaScript warning: https://bazara.co.mz/static/version20220821001337/frontend/Vodacom/Bazara/pt_PT/Sm_CartQuickPro/js/custom-addtocart.min.js, line 17: unreachable code after return statement
console.warn: LoginRecipes: "Falling back to a synchronous message for: https://bazara.co.mz."
1673424414491	Marionette	INFO	Stopped listening on port 36611
console.warn: TopSitesFeed: Failed to fetch data from Contile server: NetworkError when attempting to fetch resource.
1673434279548	geckodriver	INFO	Listening on 127.0.0.1:44047
1673434279965	mozrunner::runner	INFO	Running command: "/usr/bin/firefox" "--marionette" "--remote-debugging-port" "60551" "--remote-allow-hosts" "localhost" "-no-remote" "-profile" "/tmp/rust_mozprofilev1Gwwt"
[GFX1-]: glxtest: VA-API test failed: no supported VAAPI profile found.
ATTENTION: default value of option mesa_glthread overridden by environment.
ATTENTION: default value of option mesa_glthread overridden by environment.
1673434296439	Marionette	INFO	Marionette enabled
1673434296466	Marionette	INFO	Listening on port 33795
Read port: 33795
ATTENTION: default value of option mesa_glthread overridden by environment.
Read port: 33795
Read port: 33795
WebDriver BiDi listening on ws://127.0.0.1:60551
1673434299387	RemoteAgent	WARN	TLS certificate errors will be ignored for this session
console.error: Region.sys.mjs: "Error fetching region" (new Error("TIMEOUT", "resource://gre/modules/Region.sys.mjs", 764))
console.error: Region.sys.mjs: "Failed to fetch region" (new Error("TIMEOUT", "resource://gre/modules/Region.sys.mjs", 416))
console.warn: SearchSettings: "get: No settings file exists, new profile?" (new NotFoundError("Could not open the file at /tmp/rust_mozprofilev1Gwwt/search.json.mozlz4", (void 0)))
DevTools listening on ws://127.0.0.1:60551/devtools/browser/ef6f664b-7640-4a65-a55d-c987c25f0bb5
JavaScript error: resource://gre/modules/URIFixup.sys.mjs, line 302: NS_ERROR_FAILURE: Should pass a non-null uri
JavaScript warning: https://bazara.co.mz/static/version20220821001337/frontend/Vodacom/Bazara/pt_PT/Sm_CartQuickPro/js/custom-addtocart.min.js, line 16: unreachable code after return statement
JavaScript warning: https://bazara.co.mz/static/version20220821001337/frontend/Vodacom/Bazara/pt_PT/Sm_CartQuickPro/js/custom-addtocart.min.js, line 17: unreachable code after return statement
console.warn: LoginRecipes: "Falling back to a synchronous message for: https://bazara.co.mz."
1673434407046	Marionette	WARN	TimedPromise timed out after 500 ms: stacktrace:
TimedPromise/<@chrome://remote/content/marionette/sync.sys.mjs:219:24
TimedPromise@chrome://remote/content/marionette/sync.sys.mjs:204:10
interaction.flushEventLoop@chrome://remote/content/marionette/interaction.sys.mjs:425:10
webdriverClickElement@chrome://remote/content/marionette/interaction.sys.mjs:173:31
1673434531792	Marionette	INFO	Stopped listening on port 33795
console.warn: TopSitesFeed: Failed to fetch data from Contile server: NetworkError when attempting to fetch resource.
1673434656065	geckodriver	INFO	Listening on 127.0.0.1:48673
1673434656642	mozrunner::runner	INFO	Running command: "/usr/bin/firefox" "--marionette" "--remote-debugging-port" "34763" "--remote-allow-hosts" "localhost" "-no-remote" "-profile" "/tmp/rust_mozprofileaxisIS"
[GFX1-]: glxtest: VA-API test failed: no supported VAAPI profile found.
ATTENTION: default value of option mesa_glthread overridden by environment.
ATTENTION: default value of option mesa_glthread overridden by environment.
1673434659206	Marionette	INFO	Marionette enabled
1673434659216	Marionette	INFO	Listening on port 38411
Read port: 38411
ATTENTION: default value of option mesa_glthread overridden by environment.
WebDriver BiDi listening on ws://127.0.0.1:34763
1673434659775	RemoteAgent	WARN	TLS certificate errors will be ignored for this session
console.warn: SearchSettings: "get: No settings file exists, new profile?" (new NotFoundError("Could not open the file at /tmp/rust_mozprofileaxisIS/search.json.mozlz4", (void 0)))
console.error: Region.sys.mjs: "Error fetching region" (new Error("TIMEOUT", "resource://gre/modules/Region.sys.mjs", 764))
console.error: Region.sys.mjs: "Failed to fetch region" (new Error("TIMEOUT", "resource://gre/modules/Region.sys.mjs", 416))
DevTools listening on ws://127.0.0.1:34763/devtools/browser/d2939aca-ee4a-4d49-9914-ed0232e217a2
JavaScript error: resource://gre/modules/URIFixup.sys.mjs, line 302: NS_ERROR_FAILURE: Should pass a non-null uri
JavaScript warning: https://bazara.co.mz/static/version20220821001337/frontend/Vodacom/Bazara/pt_PT/Sm_CartQuickPro/js/custom-addtocart.min.js, line 16: unreachable code after return statement
JavaScript warning: https://bazara.co.mz/static/version20220821001337/frontend/Vodacom/Bazara/pt_PT/Sm_CartQuickPro/js/custom-addtocart.min.js, line 17: unreachable code after return statement
console.warn: LoginRecipes: "Falling back to a synchronous message for: https://bazara.co.mz."
1673434777639	Marionette	INFO	Stopped listening on port 38411
console.warn: TopSitesFeed: Failed to fetch data from Contile server: NetworkError when attempting to fetch resource.
1673434832486	geckodriver	INFO	Listening on 127.0.0.1:52273
1673434832994	mozrunner::runner	INFO	Running command: "/usr/bin/firefox" "--marionette" "--remote-debugging-port" "34551" "--remote-allow-hosts" "localhost" "-no-remote" "-profile" "/tmp/rust_mozprofileOf9g02"
[GFX1-]: glxtest: VA-API test failed: no supported VAAPI profile found.
ATTENTION: default value of option mesa_glthread overridden by environment.
ATTENTION: default value of option mesa_glthread overridden by environment.
1673434834528	Marionette	INFO	Marionette enabled
1673434834539	Marionette	INFO	Listening on port 45447
Read port: 45447
ATTENTION: default value of option mesa_glthread overridden by environment.
WebDriver BiDi listening on ws://127.0.0.1:34551
1673434834833	RemoteAgent	WARN	TLS certificate errors will be ignored for this session
console.warn: SearchSettings: "get: No settings file exists, new profile?" (new NotFoundError("Could not open the file at /tmp/rust_mozprofileOf9g02/search.json.mozlz4", (void 0)))
DevTools listening on ws://127.0.0.1:34551/devtools/browser/75b2536d-a886-4774-a4b1-6fd2faa49ae9
JavaScript error: resource://gre/modules/URIFixup.sys.mjs, line 302: NS_ERROR_FAILURE: Should pass a non-null uri
JavaScript warning: https://bazara.co.mz/static/version20220821001337/frontend/Vodacom/Bazara/pt_PT/Sm_CartQuickPro/js/custom-addtocart.min.js, line 16: unreachable code after return statement
JavaScript warning: https://bazara.co.mz/static/version20220821001337/frontend/Vodacom/Bazara/pt_PT/Sm_CartQuickPro/js/custom-addtocart.min.js, line 17: unreachable code after return statement
console.warn: LoginRecipes: "Falling back to a synchronous message for: https://bazara.co.mz."
1673435974658	Marionette	INFO	Stopped listening on port 45447
console.warn: TopSitesFeed: Failed to fetch data from Contile server: NetworkError when attempting to fetch resource.
1673485716490	geckodriver	INFO	Listening on 127.0.0.1:58159
1673485716927	mozrunner::runner	INFO	Running command: "/usr/bin/firefox" "--marionette" "--remote-debugging-port" "48467" "--remote-allow-hosts" "localhost" "-no-remote" "-profile" "/tmp/rust_mozprofileE7TMO4"
[GFX1-]: glxtest: VA-API test failed: no supported VAAPI profile found.
ATTENTION: default value of option mesa_glthread overridden by environment.
ATTENTION: default value of option mesa_glthread overridden by environment.
1673485727840	Marionette	INFO	Marionette enabled
1673485727866	Marionette	INFO	Listening on port 39495
Read port: 39495
ATTENTION: default value of option mesa_glthread overridden by environment.
Read port: 39495
WebDriver BiDi listening on ws://127.0.0.1:48467
1673485729992	RemoteAgent	WARN	TLS certificate errors will be ignored for this session
console.error: Region.sys.mjs: "Error fetching region" (new AbortError("The operation was aborted. ", (void 0), 762))
console.error: Region.sys.mjs: "Failed to fetch region" (new Error("NO_RESULT", "resource://gre/modules/Region.sys.mjs", 416))
console.warn: SearchSettings: "get: No settings file exists, new profile?" (new NotFoundError("Could not open the file at /tmp/rust_mozprofileE7TMO4/search.json.mozlz4", (void 0)))
DevTools listening on ws://127.0.0.1:48467/devtools/browser/09ef229a-95d5-498a-9bb0-9a5a6cf76df8
JavaScript error: resource://gre/modules/URIFixup.sys.mjs, line 302: NS_ERROR_FAILURE: Should pass a non-null uri
JavaScript warning: https://bazara.co.mz/static/version20220821001337/frontend/Vodacom/Bazara/pt_PT/Sm_CartQuickPro/js/custom-addtocart.min.js, line 16: unreachable code after return statement
JavaScript warning: https://bazara.co.mz/static/version20220821001337/frontend/Vodacom/Bazara/pt_PT/Sm_CartQuickPro/js/custom-addtocart.min.js, line 17: unreachable code after return statement
console.warn: LoginRecipes: "Falling back to a synchronous message for: https://bazara.co.mz."
1673486043958	geckodriver	INFO	Listening on 127.0.0.1:33603
1673486044392	mozrunner::runner	INFO	Running command: "/usr/bin/firefox" "--marionette" "--remote-debugging-port" "55871" "--remote-allow-hosts" "localhost" "-no-remote" "-profile" "/tmp/rust_mozprofileRXGxak"
[GFX1-]: glxtest: VA-API test failed: no supported VAAPI profile found.
ATTENTION: default value of option mesa_glthread overridden by environment.
ATTENTION: default value of option mesa_glthread overridden by environment.
1673486047209	Marionette	INFO	Marionette enabled
1673486047221	Marionette	INFO	Listening on port 40565
Read port: 40565
ATTENTION: default value of option mesa_glthread overridden by environment.
WebDriver BiDi listening on ws://127.0.0.1:55871
1673486047624	RemoteAgent	WARN	TLS certificate errors will be ignored for this session
console.warn: SearchSettings: "get: No settings file exists, new profile?" (new NotFoundError("Could not open the file at /tmp/rust_mozprofileRXGxak/search.json.mozlz4", (void 0)))
DevTools listening on ws://127.0.0.1:55871/devtools/browser/1f111aa2-7db4-4940-bf02-4163a871db3f
JavaScript error: resource://gre/modules/URIFixup.sys.mjs, line 302: NS_ERROR_FAILURE: Should pass a non-null uri
JavaScript warning: https://bazara.co.mz/static/version20220821001337/frontend/Vodacom/Bazara/pt_PT/Sm_CartQuickPro/js/custom-addtocart.min.js, line 16: unreachable code after return statement
JavaScript warning: https://bazara.co.mz/static/version20220821001337/frontend/Vodacom/Bazara/pt_PT/Sm_CartQuickPro/js/custom-addtocart.min.js, line 17: unreachable code after return statement
console.warn: LoginRecipes: "Falling back to a synchronous message for: https://bazara.co.mz."
JavaScript warning: https://bazara.co.mz/static/version20220821001337/frontend/Vodacom/Bazara/pt_PT/Sm_CartQuickPro/js/custom-addtocart.min.js, line 16: unreachable code after return statement
JavaScript warning: https://bazara.co.mz/static/version20220821001337/frontend/Vodacom/Bazara/pt_PT/Sm_CartQuickPro/js/custom-addtocart.min.js, line 17: unreachable code after return statement
JavaScript error: https://bazara.co.mz/static/version20220821001337/frontend/Vodacom/Bazara/pt_PT/Sm_ShopBy/js/product/list/toolbar.min.js, line 2: TypeError: urlParams[i] is undefined
console.warn: LoginRecipes: "Falling back to a synchronous message for: https://bazara.co.mz."
console.warn: LoginRecipes: "Falling back to a synchronous message for: https://bazara.co.mz."
console.warn: LoginRecipes: "Falling back to a synchronous message for: https://bazara.co.mz."
console.warn: LoginRecipes: "Falling back to a synchronous message for: https://bazara.co.mz."
console.warn: LoginRecipes: "Falling back to a synchronous message for: https://bazara.co.mz."
JavaScript error: https://bazara.co.mz/static/version20220821001337/frontend/Vodacom/Bazara/pt_PT/Sm_ShopBy/js/product/list/toolbar.min.js, line 2: TypeError: urlParams[i] is undefined
console.warn: LoginRecipes: "Falling back to a synchronous message for: https://bazara.co.mz."
console.warn: LoginRecipes: "Falling back to a synchronous message for: https://bazara.co.mz."
console.warn: LoginRecipes: "Falling back to a synchronous message for: https://bazara.co.mz."
console.warn: LoginRecipes: "Falling back to a synchronous message for: https://bazara.co.mz."
console.warn: LoginRecipes: "Falling back to a synchronous message for: https://bazara.co.mz."
console.warn: LoginRecipes: "Falling back to a synchronous message for: https://bazara.co.mz."
console.warn: LoginRecipes: "Falling back to a synchronous message for: https://www.google.com."
1673487586622	geckodriver	INFO	Listening on 127.0.0.1:48737
1673487587022	mozrunner::runner	INFO	Running command: "/usr/bin/firefox" "--marionette" "--remote-debugging-port" "44511" "--remote-allow-hosts" "localhost" "-no-remote" "-profile" "/tmp/rust_mozprofile0m7A5l"
[GFX1-]: glxtest: VA-API test failed: no supported VAAPI profile found.
ATTENTION: default value of option mesa_glthread overridden by environment.
ATTENTION: default value of option mesa_glthread overridden by environment.
1673487594154	Marionette	INFO	Marionette enabled
1673487594222	Marionette	INFO	Listening on port 42819
Read port: 42819
ATTENTION: default value of option mesa_glthread overridden by environment.
WebDriver BiDi listening on ws://127.0.0.1:44511
Read port: 42819
1673487595908	RemoteAgent	WARN	TLS certificate errors will be ignored for this session
1673487604834	Marionette	INFO	Stopped listening on port 39495
console.error: Region.sys.mjs: "Error fetching region" (new Error("TIMEOUT", "resource://gre/modules/Region.sys.mjs", 764))
console.error: Region.sys.mjs: "Failed to fetch region" (new Error("TIMEOUT", "resource://gre/modules/Region.sys.mjs", 416))
console.warn: SearchSettings: "get: No settings file exists, new profile?" (new NotFoundError("Could not open the file at /tmp/rust_mozprofile0m7A5l/search.json.mozlz4", (void 0)))
console.warn: TopSitesFeed: Failed to fetch data from Contile server: NetworkError when attempting to fetch resource.
DevTools listening on ws://127.0.0.1:44511/devtools/browser/15685001-f06a-4c23-ba0c-7577810729fa
JavaScript error: resource://gre/modules/URIFixup.sys.mjs, line 302: NS_ERROR_FAILURE: Should pass a non-null uri
JavaScript warning: https://bazara.co.mz/static/version20220821001337/frontend/Vodacom/Bazara/pt_PT/Sm_CartQuickPro/js/custom-addtocart.min.js, line 16: unreachable code after return statement
JavaScript warning: https://bazara.co.mz/static/version20220821001337/frontend/Vodacom/Bazara/pt_PT/Sm_CartQuickPro/js/custom-addtocart.min.js, line 17: unreachable code after return statement
console.warn: LoginRecipes: "Falling back to a synchronous message for: https://bazara.co.mz."
1673487680757	Marionette	WARN	TimedPromise timed out after 500 ms: stacktrace:
TimedPromise/<@chrome://remote/content/marionette/sync.sys.mjs:219:24
TimedPromise@chrome://remote/content/marionette/sync.sys.mjs:204:10
interaction.flushEventLoop@chrome://remote/content/marionette/interaction.sys.mjs:425:10
webdriverClickElement@chrome://remote/content/marionette/interaction.sys.mjs:173:31
1673487704645	Marionette	INFO	Stopped listening on port 42819
console.warn: TopSitesFeed: Failed to fetch data from Contile server: NetworkError when attempting to fetch resource.
1673487712548	geckodriver	INFO	Listening on 127.0.0.1:43981
1673487713056	mozrunner::runner	INFO	Running command: "/usr/bin/firefox" "--marionette" "--remote-debugging-port" "58919" "--remote-allow-hosts" "localhost" "-no-remote" "-profile" "/tmp/rust_mozprofilexOuE0q"
[GFX1-]: glxtest: VA-API test failed: no supported VAAPI profile found.
ATTENTION: default value of option mesa_glthread overridden by environment.
ATTENTION: default value of option mesa_glthread overridden by environment.
1673487715351	Marionette	INFO	Marionette enabled
1673487715386	Marionette	INFO	Listening on port 38169
Read port: 38169
ATTENTION: default value of option mesa_glthread overridden by environment.
WebDriver BiDi listening on ws://127.0.0.1:58919
1673487716428	RemoteAgent	WARN	TLS certificate errors will be ignored for this session
console.warn: SearchSettings: "get: No settings file exists, new profile?" (new NotFoundError("Could not open the file at /tmp/rust_mozprofilexOuE0q/search.json.mozlz4", (void 0)))
DevTools listening on ws://127.0.0.1:58919/devtools/browser/dc33e73d-2a17-40b8-80ca-2f7e46326384
JavaScript error: resource://gre/modules/URIFixup.sys.mjs, line 302: NS_ERROR_FAILURE: Should pass a non-null uri
JavaScript warning: https://bazara.co.mz/static/version20220821001337/frontend/Vodacom/Bazara/pt_PT/Sm_CartQuickPro/js/custom-addtocart.min.js, line 16: unreachable code after return statement
JavaScript warning: https://bazara.co.mz/static/version20220821001337/frontend/Vodacom/Bazara/pt_PT/Sm_CartQuickPro/js/custom-addtocart.min.js, line 17: unreachable code after return statement
console.warn: LoginRecipes: "Falling back to a synchronous message for: https://bazara.co.mz."
JavaScript error: resource://gre/modules/AsyncShutdown.jsm, line 560: NotFoundError: No such JSWindowActor 'DevToolsFrame'
JavaScript error: resource://gre/modules/AsyncShutdown.jsm, line 560: NotFoundError: No such JSWindowActor 'DevToolsFrame'
JavaScript error: resource://gre/modules/AsyncShutdown.jsm, line 560: NotFoundError: No such JSWindowActor 'DevToolsFrame'
JavaScript error: resource://gre/modules/AsyncShutdown.jsm, line 560: NotFoundError: No such JSWindowActor 'DevToolsFrame'
JavaScript error: resource://gre/modules/AsyncShutdown.jsm, line 560: NotFoundError: No such JSWindowActor 'DevToolsFrame'
JavaScript error: resource://gre/modules/AsyncShutdown.jsm, line 560: NotFoundError: No such JSWindowActor 'DevToolsFrame'
JavaScript error: resource://gre/modules/AsyncShutdown.jsm, line 560: NotFoundError: No such JSWindowActor 'DevToolsFrame'
JavaScript error: resource://gre/modules/AsyncShutdown.jsm, line 560: NotFoundError: No such JSWindowActor 'DevToolsFrame'
1673487920417	Marionette	INFO	Stopped listening on port 40565
JavaScript error: https://bazara.co.mz/static/version20220821001337/frontend/Vodacom/Bazara/pt_PT/Sm_ShopBy/js/product/list/toolbar.min.js, line 2: TypeError: urlParams[i] is undefined
console.warn: LoginRecipes: "Falling back to a synchronous message for: https://bazara.co.mz."
console.warn: LoginRecipes: "Falling back to a synchronous message for: https://bazara.co.mz."
console.warn: LoginRecipes: "Falling back to a synchronous message for: https://bazara.co.mz."
console.warn: LoginRecipes: "Falling back to a synchronous message for: https://bazara.co.mz."
console.warn: LoginRecipes: "Falling back to a synchronous message for: https://bazara.co.mz."
console.warn: LoginRecipes: "Falling back to a synchronous message for: https://bazara.co.mz."
console.warn: LoginRecipes: "Falling back to a synchronous message for: https://bazara.co.mz."
console.error: (new TypeError("parent is null", "resource://devtools/client/inspector/shared/style-change-tracker.js", 67))
TypeError: parent is null: canMutationImpactCurrentStyles@resource://devtools/client/inspector/shared/style-change-tracker.js:67:24
onMutations@resource://devtools/client/inspector/shared/style-change-tracker.js:84:41
_emit@resource://devtools/shared/event-emitter.js:242:32
emit@resource://devtools/shared/event-emitter.js:186:18
emit@resource://devtools/shared/event-emitter.js:330:18
getMutations@resource://devtools/client/fronts/walker.js:313:10

console.error: "Error while calling actor 'pagestyle's method 'getLayout'" "node is null"
console.error: (new TypeError("node is null", "resource://devtools/server/actors/page-style.js", 1007))
console.error: (new Error("Protocol error (TypeError): node is null from: server0.conn0.windowGlobal4294967298/pagestyle31 (resource://devtools/server/actors/page-style.js:1007:5)", "resource://devtools/shared/protocol/Front.js", 383))
JavaScript error: https://bazara.co.mz/static/version20220821001337/frontend/Vodacom/Bazara/pt_PT/Sm_ShopBy/js/product/list/toolbar.min.js, line 2: TypeError: urlParams[i] is undefined
console.warn: LoginRecipes: "Falling back to a synchronous message for: https://bazara.co.mz."
console.warn: LoginRecipes: "Falling back to a synchronous message for: https://bazara.co.mz."
console.warn: LoginRecipes: "Falling back to a synchronous message for: https://bazara.co.mz."
console.warn: LoginRecipes: "Falling back to a synchronous message for: https://bazara.co.mz."
console.warn: LoginRecipes: "Falling back to a synchronous message for: https://bazara.co.mz."
console.warn: LoginRecipes: "Falling back to a synchronous message for: https://bazara.co.mz."
console.warn: LoginRecipes: "Falling back to a synchronous message for: https://bazara.co.mz."
JavaScript error: resource://gre/modules/AsyncShutdown.jsm, line 560: NotFoundError: No such JSWindowActor 'DevToolsFrame'
JavaScript error: resource://gre/modules/AsyncShutdown.jsm, line 560: NotFoundError: No such JSWindowActor 'DevToolsFrame'
JavaScript error: resource://gre/modules/AsyncShutdown.jsm, line 560: NotFoundError: No such JSWindowActor 'DevToolsFrame'
JavaScript error: resource://gre/modules/AsyncShutdown.jsm, line 560: NotFoundError: No such JSWindowActor 'DevToolsFrame'
1673488438990	Marionette	INFO	Stopped listening on port 38169
1673488459365	geckodriver	INFO	Listening on 127.0.0.1:53529
1673488459376	mozrunner::runner	INFO	Running command: "/usr/bin/firefox" "--marionette" "--remote-debugging-port" "56811" "--remote-allow-hosts" "localhost" "-no-remote" "-profile" "/tmp/rust_mozprofilePpQUI5"
[GFX1-]: glxtest: VA-API test failed: no supported VAAPI profile found.
ATTENTION: default value of option mesa_glthread overridden by environment.
ATTENTION: default value of option mesa_glthread overridden by environment.
1673488461022	Marionette	INFO	Marionette enabled
1673488461033	Marionette	INFO	Listening on port 40561
Read port: 40561
ATTENTION: default value of option mesa_glthread overridden by environment.
WebDriver BiDi listening on ws://127.0.0.1:56811
1673488461369	RemoteAgent	WARN	TLS certificate errors will be ignored for this session
console.warn: SearchSettings: "get: No settings file exists, new profile?" (new NotFoundError("Could not open the file at /tmp/rust_mozprofilePpQUI5/search.json.mozlz4", (void 0)))
DevTools listening on ws://127.0.0.1:56811/devtools/browser/b807c9f1-ad67-425b-b3ff-079da0be2135
JavaScript error: resource://gre/modules/URIFixup.sys.mjs, line 302: NS_ERROR_FAILURE: Should pass a non-null uri
JavaScript warning: https://bazara.co.mz/static/version20220821001337/frontend/Vodacom/Bazara/pt_PT/Sm_CartQuickPro/js/custom-addtocart.min.js, line 16: unreachable code after return statement
JavaScript warning: https://bazara.co.mz/static/version20220821001337/frontend/Vodacom/Bazara/pt_PT/Sm_CartQuickPro/js/custom-addtocart.min.js, line 17: unreachable code after return statement
console.warn: LoginRecipes: "Falling back to a synchronous message for: https://bazara.co.mz."
console.warn: LoginRecipes: "Falling back to a synchronous message for: https://bazara.co.mz."
1673488629864	geckodriver	INFO	Listening on 127.0.0.1:39941
1673488630369	mozrunner::runner	INFO	Running command: "/usr/bin/firefox" "--marionette" "--remote-debugging-port" "34305" "--remote-allow-hosts" "localhost" "-no-remote" "-profile" "/tmp/rust_mozprofile7UIUKQ"
1673488631477	Marionette	INFO	Stopped listening on port 40561
console.warn: TopSitesFeed: Failed to fetch data from Contile server: NetworkError when attempting to fetch resource.
[GFX1-]: glxtest: VA-API test failed: no supported VAAPI profile found.
ATTENTION: default value of option mesa_glthread overridden by environment.
ATTENTION: default value of option mesa_glthread overridden by environment.
1673488632724	Marionette	INFO	Marionette enabled
1673488632750	Marionette	INFO	Listening on port 46169
Read port: 46169
ATTENTION: default value of option mesa_glthread overridden by environment.
WebDriver BiDi listening on ws://127.0.0.1:34305
1673488633116	RemoteAgent	WARN	TLS certificate errors will be ignored for this session
console.warn: SearchSettings: "get: No settings file exists, new profile?" (new NotFoundError("Could not open the file at /tmp/rust_mozprofile7UIUKQ/search.json.mozlz4", (void 0)))
DevTools listening on ws://127.0.0.1:34305/devtools/browser/70459f92-d3f1-498f-a032-1a757b6d4567
JavaScript error: resource://gre/modules/URIFixup.sys.mjs, line 302: NS_ERROR_FAILURE: Should pass a non-null uri
JavaScript warning: https://bazara.co.mz/static/version20220821001337/frontend/Vodacom/Bazara/pt_PT/Sm_CartQuickPro/js/custom-addtocart.min.js, line 16: unreachable code after return statement
JavaScript warning: https://bazara.co.mz/static/version20220821001337/frontend/Vodacom/Bazara/pt_PT/Sm_CartQuickPro/js/custom-addtocart.min.js, line 17: unreachable code after return statement
console.warn: LoginRecipes: "Falling back to a synchronous message for: https://bazara.co.mz."
JavaScript warning: https://bazara.co.mz/static/version20220821001337/frontend/Vodacom/Bazara/pt_PT/Sm_CartQuickPro/js/custom-addtocart.min.js, line 16: unreachable code after return statement
JavaScript warning: https://bazara.co.mz/static/version20220821001337/frontend/Vodacom/Bazara/pt_PT/Sm_CartQuickPro/js/custom-addtocart.min.js, line 17: unreachable code after return statement
1673488856656	geckodriver	INFO	Listening on 127.0.0.1:47655
1673488857177	mozrunner::runner	INFO	Running command: "/usr/bin/firefox" "--marionette" "--remote-debugging-port" "44991" "--remote-allow-hosts" "localhost" "-no-remote" "-profile" "/tmp/rust_mozprofileHg5ebB"
JavaScript error: resource://gre/modules/AsyncShutdown.jsm, line 560: NotFoundError: No such JSWindowActor 'DevToolsFrame'
JavaScript error: resource://gre/modules/AsyncShutdown.jsm, line 560: NotFoundError: No such JSWindowActor 'DevToolsFrame'
JavaScript error: resource://gre/modules/AsyncShutdown.jsm, line 560: NotFoundError: No such JSWindowActor 'DevToolsFrame'
JavaScript error: resource://gre/modules/AsyncShutdown.jsm, line 560: NotFoundError: No such JSWindowActor 'DevToolsFrame'
1673488858851	Marionette	INFO	Stopped listening on port 46169
[GFX1-]: glxtest: VA-API test failed: no supported VAAPI profile found.
ATTENTION: default value of option mesa_glthread overridden by environment.
ATTENTION: default value of option mesa_glthread overridden by environment.
1673488859770	Marionette	INFO	Marionette enabled
1673488859781	Marionette	INFO	Listening on port 44947
Read port: 44947
ATTENTION: default value of option mesa_glthread overridden by environment.
WebDriver BiDi listening on ws://127.0.0.1:44991
1673488860165	RemoteAgent	WARN	TLS certificate errors will be ignored for this session
console.warn: SearchSettings: "get: No settings file exists, new profile?" (new NotFoundError("Could not open the file at /tmp/rust_mozprofileHg5ebB/search.json.mozlz4", (void 0)))
DevTools listening on ws://127.0.0.1:44991/devtools/browser/37c9f9e2-7eac-4be4-9681-7f29e73cdb2c
JavaScript warning: https://bazara.co.mz/static/version20220821001337/frontend/Vodacom/Bazara/pt_PT/Sm_CartQuickPro/js/custom-addtocart.min.js, line 16: unreachable code after return statement
JavaScript warning: https://bazara.co.mz/static/version20220821001337/frontend/Vodacom/Bazara/pt_PT/Sm_CartQuickPro/js/custom-addtocart.min.js, line 17: unreachable code after return statement
console.warn: LoginRecipes: "Falling back to a synchronous message for: https://bazara.co.mz."
1673488990601	geckodriver	INFO	Listening on 127.0.0.1:43185
1673488991112	mozrunner::runner	INFO	Running command: "/usr/bin/firefox" "--marionette" "--remote-debugging-port" "46071" "--remote-allow-hosts" "localhost" "-no-remote" "-profile" "/tmp/rust_mozprofileVZ1xTO"
1673488992611	Marionette	INFO	Stopped listening on port 44947
console.warn: TopSitesFeed: Failed to fetch data from Contile server: NetworkError when attempting to fetch resource.
[GFX1-]: glxtest: VA-API test failed: no supported VAAPI profile found.
ATTENTION: default value of option mesa_glthread overridden by environment.
ATTENTION: default value of option mesa_glthread overridden by environment.
1673488994053	Marionette	INFO	Marionette enabled
1673488994071	Marionette	INFO	Listening on port 35327
Read port: 35327
ATTENTION: default value of option mesa_glthread overridden by environment.
WebDriver BiDi listening on ws://127.0.0.1:46071
1673488994509	RemoteAgent	WARN	TLS certificate errors will be ignored for this session
console.warn: SearchSettings: "get: No settings file exists, new profile?" (new NotFoundError("Could not open the file at /tmp/rust_mozprofileVZ1xTO/search.json.mozlz4", (void 0)))
DevTools listening on ws://127.0.0.1:46071/devtools/browser/a723d2b1-c9cb-4042-99eb-be64dce38770
JavaScript warning: https://bazara.co.mz/static/version20220821001337/frontend/Vodacom/Bazara/pt_PT/Sm_CartQuickPro/js/custom-addtocart.min.js, line 16: unreachable code after return statement
JavaScript warning: https://bazara.co.mz/static/version20220821001337/frontend/Vodacom/Bazara/pt_PT/Sm_CartQuickPro/js/custom-addtocart.min.js, line 17: unreachable code after return statement
console.warn: LoginRecipes: "Falling back to a synchronous message for: https://bazara.co.mz."
JavaScript error: https://bazara.co.mz/static/version20220821001337/frontend/Vodacom/Bazara/pt_PT/Sm_ShopBy/js/product/list/toolbar.min.js, line 2: TypeError: urlParams[i] is undefined
console.warn: LoginRecipes: "Falling back to a synchronous message for: https://bazara.co.mz."
console.warn: LoginRecipes: "Falling back to a synchronous message for: https://bazara.co.mz."
console.warn: LoginRecipes: "Falling back to a synchronous message for: https://bazara.co.mz."
console.warn: LoginRecipes: "Falling back to a synchronous message for: https://bazara.co.mz."
console.warn: LoginRecipes: "Falling back to a synchronous message for: https://bazara.co.mz."
console.warn: LoginRecipes: "Falling back to a synchronous message for: https://bazara.co.mz."
console.warn: LoginRecipes: "Falling back to a synchronous message for: https://bazara.co.mz."
JavaScript error: https://bazara.co.mz/static/version20220821001337/frontend/Vodacom/Bazara/pt_PT/Sm_ShopBy/js/product/list/toolbar.min.js, line 2: TypeError: urlParams[i] is undefined
console.warn: LoginRecipes: "Falling back to a synchronous message for: https://bazara.co.mz."
console.warn: LoginRecipes: "Falling back to a synchronous message for: https://bazara.co.mz."
console.warn: LoginRecipes: "Falling back to a synchronous message for: https://bazara.co.mz."
console.warn: LoginRecipes: "Falling back to a synchronous message for: https://bazara.co.mz."
console.warn: LoginRecipes: "Falling back to a synchronous message for: https://bazara.co.mz."
console.warn: LoginRecipes: "Falling back to a synchronous message for: https://bazara.co.mz."
console.warn: LoginRecipes: "Falling back to a synchronous message for: https://bazara.co.mz."
JavaScript error: https://bazara.co.mz/static/version20220821001337/frontend/Vodacom/Bazara/pt_PT/Sm_ShopBy/js/product/list/toolbar.min.js, line 2: TypeError: urlParams[i] is undefined
console.warn: LoginRecipes: "Falling back to a synchronous message for: https://bazara.co.mz."
console.warn: LoginRecipes: "Falling back to a synchronous message for: https://bazara.co.mz."
console.warn: LoginRecipes: "Falling back to a synchronous message for: https://bazara.co.mz."
console.warn: LoginRecipes: "Falling back to a synchronous message for: https://bazara.co.mz."
console.warn: LoginRecipes: "Falling back to a synchronous message for: https://bazara.co.mz."
console.warn: LoginRecipes: "Falling back to a synchronous message for: https://bazara.co.mz."
console.warn: LoginRecipes: "Falling back to a synchronous message for: https://bazara.co.mz."
JavaScript error: https://bazara.co.mz/static/version20220821001337/frontend/Vodacom/Bazara/pt_PT/Sm_ShopBy/js/product/list/toolbar.min.js, line 2: TypeError: urlParams[i] is undefined
console.warn: LoginRecipes: "Falling back to a synchronous message for: https://bazara.co.mz."
console.warn: LoginRecipes: "Falling back to a synchronous message for: https://bazara.co.mz."
console.warn: LoginRecipes: "Falling back to a synchronous message for: https://bazara.co.mz."
console.warn: LoginRecipes: "Falling back to a synchronous message for: https://bazara.co.mz."
console.warn: LoginRecipes: "Falling back to a synchronous message for: https://bazara.co.mz."
console.warn: LoginRecipes: "Falling back to a synchronous message for: https://bazara.co.mz."
console.warn: LoginRecipes: "Falling back to a synchronous message for: https://bazara.co.mz."
JavaScript error: https://bazara.co.mz/static/version20220821001337/frontend/Vodacom/Bazara/pt_PT/Sm_ShopBy/js/product/list/toolbar.min.js, line 2: TypeError: urlParams[i] is undefined
console.warn: LoginRecipes: "Falling back to a synchronous message for: https://bazara.co.mz."
console.warn: LoginRecipes: "Falling back to a synchronous message for: https://bazara.co.mz."
console.warn: LoginRecipes: "Falling back to a synchronous message for: https://bazara.co.mz."
console.warn: LoginRecipes: "Falling back to a synchronous message for: https://bazara.co.mz."
console.warn: LoginRecipes: "Falling back to a synchronous message for: https://bazara.co.mz."
console.warn: LoginRecipes: "Falling back to a synchronous message for: https://bazara.co.mz."
console.warn: LoginRecipes: "Falling back to a synchronous message for: https://bazara.co.mz."
1673489130310	Marionette	INFO	Stopped listening on port 35327
console.warn: TopSitesFeed: Failed to fetch data from Contile server: NetworkError when attempting to fetch resource.
1673489140574	geckodriver	INFO	Listening on 127.0.0.1:47069
1673489140592	mozrunner::runner	INFO	Running command: "/usr/bin/firefox" "--marionette" "--remote-debugging-port" "41047" "--remote-allow-hosts" "localhost" "-no-remote" "-profile" "/tmp/rust_mozprofileoiBR2u"
[GFX1-]: glxtest: VA-API test failed: no supported VAAPI profile found.
ATTENTION: default value of option mesa_glthread overridden by environment.
ATTENTION: default value of option mesa_glthread overridden by environment.
1673489142237	Marionette	INFO	Marionette enabled
1673489142250	Marionette	INFO	Listening on port 35421
Read port: 35421
ATTENTION: default value of option mesa_glthread overridden by environment.
WebDriver BiDi listening on ws://127.0.0.1:41047
1673489142661	RemoteAgent	WARN	TLS certificate errors will be ignored for this session
console.warn: SearchSettings: "get: No settings file exists, new profile?" (new NotFoundError("Could not open the file at /tmp/rust_mozprofileoiBR2u/search.json.mozlz4", (void 0)))
DevTools listening on ws://127.0.0.1:41047/devtools/browser/4d11cf24-5d20-4b12-bdb4-7e933499c028
JavaScript warning: https://bazara.co.mz/static/version20220821001337/frontend/Vodacom/Bazara/pt_PT/Sm_CartQuickPro/js/custom-addtocart.min.js, line 16: unreachable code after return statement
JavaScript warning: https://bazara.co.mz/static/version20220821001337/frontend/Vodacom/Bazara/pt_PT/Sm_CartQuickPro/js/custom-addtocart.min.js, line 17: unreachable code after return statement
console.warn: LoginRecipes: "Falling back to a synchronous message for: https://bazara.co.mz."
JavaScript error: https://bazara.co.mz/static/version20220821001337/frontend/Vodacom/Bazara/pt_PT/Sm_ShopBy/js/product/list/toolbar.min.js, line 2: TypeError: urlParams[i] is undefined
console.warn: LoginRecipes: "Falling back to a synchronous message for: https://bazara.co.mz."
console.warn: LoginRecipes: "Falling back to a synchronous message for: https://bazara.co.mz."
console.warn: LoginRecipes: "Falling back to a synchronous message for: https://bazara.co.mz."
console.warn: LoginRecipes: "Falling back to a synchronous message for: https://bazara.co.mz."
console.warn: LoginRecipes: "Falling back to a synchronous message for: https://bazara.co.mz."
console.warn: LoginRecipes: "Falling back to a synchronous message for: https://bazara.co.mz."
console.warn: LoginRecipes: "Falling back to a synchronous message for: https://bazara.co.mz."
JavaScript error: https://bazara.co.mz/static/version20220821001337/frontend/Vodacom/Bazara/pt_PT/Sm_ShopBy/js/product/list/toolbar.min.js, line 2: TypeError: urlParams[i] is undefined
console.warn: LoginRecipes: "Falling back to a synchronous message for: https://bazara.co.mz."
console.warn: LoginRecipes: "Falling back to a synchronous message for: https://bazara.co.mz."
console.warn: LoginRecipes: "Falling back to a synchronous message for: https://bazara.co.mz."
console.warn: LoginRecipes: "Falling back to a synchronous message for: https://bazara.co.mz."
console.warn: LoginRecipes: "Falling back to a synchronous message for: https://bazara.co.mz."
console.warn: LoginRecipes: "Falling back to a synchronous message for: https://bazara.co.mz."
console.warn: LoginRecipes: "Falling back to a synchronous message for: https://bazara.co.mz."
JavaScript error: https://bazara.co.mz/static/version20220821001337/frontend/Vodacom/Bazara/pt_PT/Sm_ShopBy/js/product/list/toolbar.min.js, line 2: TypeError: urlParams[i] is undefined
console.warn: LoginRecipes: "Falling back to a synchronous message for: https://bazara.co.mz."
console.warn: LoginRecipes: "Falling back to a synchronous message for: https://bazara.co.mz."
console.warn: LoginRecipes: "Falling back to a synchronous message for: https://bazara.co.mz."
console.warn: LoginRecipes: "Falling back to a synchronous message for: https://bazara.co.mz."
console.warn: LoginRecipes: "Falling back to a synchronous message for: https://bazara.co.mz."
console.warn: LoginRecipes: "Falling back to a synchronous message for: https://bazara.co.mz."
console.warn: LoginRecipes: "Falling back to a synchronous message for: https://bazara.co.mz."
JavaScript error: https://bazara.co.mz/static/version20220821001337/frontend/Vodacom/Bazara/pt_PT/Sm_ShopBy/js/product/list/toolbar.min.js, line 2: TypeError: urlParams[i] is undefined
console.warn: LoginRecipes: "Falling back to a synchronous message for: https://bazara.co.mz."
console.warn: LoginRecipes: "Falling back to a synchronous message for: https://bazara.co.mz."
console.warn: LoginRecipes: "Falling back to a synchronous message for: https://bazara.co.mz."
console.warn: LoginRecipes: "Falling back to a synchronous message for: https://bazara.co.mz."
console.warn: LoginRecipes: "Falling back to a synchronous message for: https://bazara.co.mz."
console.warn: LoginRecipes: "Falling back to a synchronous message for: https://bazara.co.mz."
console.warn: LoginRecipes: "Falling back to a synchronous message for: https://bazara.co.mz."
JavaScript error: https://bazara.co.mz/static/version20220821001337/frontend/Vodacom/Bazara/pt_PT/Sm_ShopBy/js/product/list/toolbar.min.js, line 2: TypeError: urlParams[i] is undefined
console.warn: LoginRecipes: "Falling back to a synchronous message for: https://bazara.co.mz."
console.warn: LoginRecipes: "Falling back to a synchronous message for: https://bazara.co.mz."
console.warn: LoginRecipes: "Falling back to a synchronous message for: https://bazara.co.mz."
console.warn: LoginRecipes: "Falling back to a synchronous message for: https://bazara.co.mz."
console.warn: LoginRecipes: "Falling back to a synchronous message for: https://bazara.co.mz."
console.warn: LoginRecipes: "Falling back to a synchronous message for: https://bazara.co.mz."
console.warn: LoginRecipes: "Falling back to a synchronous message for: https://bazara.co.mz."
console.warn: LoginRecipes: "Falling back to a synchronous message for: https://www.google.com."
1673489488314	Marionette	INFO	Stopped listening on port 35421
console.warn: TopSitesFeed: Failed to fetch data from Contile server: NetworkError when attempting to fetch resource.
1673489493077	geckodriver	INFO	Listening on 127.0.0.1:51007
1673489493088	mozrunner::runner	INFO	Running command: "/usr/bin/firefox" "--marionette" "--remote-debugging-port" "35873" "--remote-allow-hosts" "localhost" "-no-remote" "-profile" "/tmp/rust_mozprofileDJBhIx"
[GFX1-]: glxtest: VA-API test failed: no supported VAAPI profile found.
ATTENTION: default value of option mesa_glthread overridden by environment.
ATTENTION: default value of option mesa_glthread overridden by environment.
1673489494685	Marionette	INFO	Marionette enabled
1673489494695	Marionette	INFO	Listening on port 36687
Read port: 36687
ATTENTION: default value of option mesa_glthread overridden by environment.
WebDriver BiDi listening on ws://127.0.0.1:35873
1673489495013	RemoteAgent	WARN	TLS certificate errors will be ignored for this session
console.warn: SearchSettings: "get: No settings file exists, new profile?" (new NotFoundError("Could not open the file at /tmp/rust_mozprofileDJBhIx/search.json.mozlz4", (void 0)))
DevTools listening on ws://127.0.0.1:35873/devtools/browser/fc403c73-55af-442f-acd7-6a1ee1c320fa
JavaScript error: resource://gre/modules/URIFixup.sys.mjs, line 302: NS_ERROR_FAILURE: Should pass a non-null uri
JavaScript warning: https://bazara.co.mz/static/version20220821001337/frontend/Vodacom/Bazara/pt_PT/Sm_CartQuickPro/js/custom-addtocart.min.js, line 16: unreachable code after return statement
JavaScript warning: https://bazara.co.mz/static/version20220821001337/frontend/Vodacom/Bazara/pt_PT/Sm_CartQuickPro/js/custom-addtocart.min.js, line 17: unreachable code after return statement
console.warn: LoginRecipes: "Falling back to a synchronous message for: https://bazara.co.mz."
JavaScript error: https://bazara.co.mz/static/version20220821001337/frontend/Vodacom/Bazara/pt_PT/Sm_ShopBy/js/product/list/toolbar.min.js, line 2: TypeError: urlParams[i] is undefined
console.warn: LoginRecipes: "Falling back to a synchronous message for: https://bazara.co.mz."
console.warn: LoginRecipes: "Falling back to a synchronous message for: https://bazara.co.mz."
console.warn: LoginRecipes: "Falling back to a synchronous message for: https://bazara.co.mz."
console.warn: LoginRecipes: "Falling back to a synchronous message for: https://bazara.co.mz."
console.warn: LoginRecipes: "Falling back to a synchronous message for: https://bazara.co.mz."
console.warn: LoginRecipes: "Falling back to a synchronous message for: https://bazara.co.mz."
console.warn: LoginRecipes: "Falling back to a synchronous message for: https://bazara.co.mz."
JavaScript error: https://bazara.co.mz/static/version20220821001337/frontend/Vodacom/Bazara/pt_PT/Sm_ShopBy/js/product/list/toolbar.min.js, line 2: TypeError: urlParams[i] is undefined
console.warn: LoginRecipes: "Falling back to a synchronous message for: https://bazara.co.mz."
console.warn: LoginRecipes: "Falling back to a synchronous message for: https://bazara.co.mz."
console.warn: LoginRecipes: "Falling back to a synchronous message for: https://bazara.co.mz."
console.warn: LoginRecipes: "Falling back to a synchronous message for: https://bazara.co.mz."
console.warn: LoginRecipes: "Falling back to a synchronous message for: https://bazara.co.mz."
console.warn: LoginRecipes: "Falling back to a synchronous message for: https://bazara.co.mz."
console.warn: LoginRecipes: "Falling back to a synchronous message for: https://bazara.co.mz."
JavaScript error: https://bazara.co.mz/static/version20220821001337/frontend/Vodacom/Bazara/pt_PT/Sm_ShopBy/js/product/list/toolbar.min.js, line 2: TypeError: urlParams[i] is undefined
console.warn: LoginRecipes: "Falling back to a synchronous message for: https://bazara.co.mz."
console.warn: LoginRecipes: "Falling back to a synchronous message for: https://bazara.co.mz."
console.warn: LoginRecipes: "Falling back to a synchronous message for: https://bazara.co.mz."
console.warn: LoginRecipes: "Falling back to a synchronous message for: https://bazara.co.mz."
console.warn: LoginRecipes: "Falling back to a synchronous message for: https://bazara.co.mz."
console.warn: LoginRecipes: "Falling back to a synchronous message for: https://bazara.co.mz."
console.warn: LoginRecipes: "Falling back to a synchronous message for: https://bazara.co.mz."
JavaScript error: https://bazara.co.mz/static/version20220821001337/frontend/Vodacom/Bazara/pt_PT/Sm_ShopBy/js/product/list/toolbar.min.js, line 2: TypeError: urlParams[i] is undefined
console.warn: LoginRecipes: "Falling back to a synchronous message for: https://bazara.co.mz."
console.warn: LoginRecipes: "Falling back to a synchronous message for: https://bazara.co.mz."
console.warn: LoginRecipes: "Falling back to a synchronous message for: https://bazara.co.mz."
console.warn: LoginRecipes: "Falling back to a synchronous message for: https://bazara.co.mz."
console.warn: LoginRecipes: "Falling back to a synchronous message for: https://bazara.co.mz."
console.warn: LoginRecipes: "Falling back to a synchronous message for: https://bazara.co.mz."
console.warn: LoginRecipes: "Falling back to a synchronous message for: https://bazara.co.mz."
JavaScript error: https://bazara.co.mz/static/version20220821001337/frontend/Vodacom/Bazara/pt_PT/Sm_ShopBy/js/product/list/toolbar.min.js, line 2: TypeError: urlParams[i] is undefined
console.warn: LoginRecipes: "Falling back to a synchronous message for: https://bazara.co.mz."
console.warn: LoginRecipes: "Falling back to a synchronous message for: https://bazara.co.mz."
console.warn: LoginRecipes: "Falling back to a synchronous message for: https://bazara.co.mz."
console.warn: LoginRecipes: "Falling back to a synchronous message for: https://bazara.co.mz."
console.warn: LoginRecipes: "Falling back to a synchronous message for: https://bazara.co.mz."
console.warn: LoginRecipes: "Falling back to a synchronous message for: https://bazara.co.mz."
console.warn: LoginRecipes: "Falling back to a synchronous message for: https://bazara.co.mz."
1673489688456	Marionette	INFO	Stopped listening on port 36687
console.warn: TopSitesFeed: Failed to fetch data from Contile server: NetworkError when attempting to fetch resource.
1673490589504	geckodriver	INFO	Listening on 127.0.0.1:56051
1673490589520	mozrunner::runner	INFO	Running command: "/usr/bin/firefox" "--marionette" "--remote-debugging-port" "47059" "--remote-allow-hosts" "localhost" "-no-remote" "-profile" "/tmp/rust_mozprofileeSC1Yx"
[GFX1-]: glxtest: VA-API test failed: no supported VAAPI profile found.
ATTENTION: default value of option mesa_glthread overridden by environment.
ATTENTION: default value of option mesa_glthread overridden by environment.
1673490592266	Marionette	INFO	Marionette enabled
1673490592278	Marionette	INFO	Listening on port 42209
Read port: 42209
ATTENTION: default value of option mesa_glthread overridden by environment.
WebDriver BiDi listening on ws://127.0.0.1:47059
1673490592705	RemoteAgent	WARN	TLS certificate errors will be ignored for this session
console.warn: SearchSettings: "get: No settings file exists, new profile?" (new NotFoundError("Could not open the file at /tmp/rust_mozprofileeSC1Yx/search.json.mozlz4", (void 0)))
DevTools listening on ws://127.0.0.1:47059/devtools/browser/fc268482-9332-43fb-a5bd-b2f340a544fb
JavaScript warning: https://bazara.co.mz/static/version20220821001337/frontend/Vodacom/Bazara/pt_PT/Sm_CartQuickPro/js/custom-addtocart.min.js, line 16: unreachable code after return statement
JavaScript warning: https://bazara.co.mz/static/version20220821001337/frontend/Vodacom/Bazara/pt_PT/Sm_CartQuickPro/js/custom-addtocart.min.js, line 17: unreachable code after return statement
console.warn: LoginRecipes: "Falling back to a synchronous message for: https://bazara.co.mz."
JavaScript error: https://bazara.co.mz/static/version20220821001337/frontend/Vodacom/Bazara/pt_PT/Sm_ShopBy/js/product/list/toolbar.min.js, line 2: TypeError: urlParams[i] is undefined
console.warn: LoginRecipes: "Falling back to a synchronous message for: https://bazara.co.mz."
console.warn: LoginRecipes: "Falling back to a synchronous message for: https://bazara.co.mz."
console.warn: LoginRecipes: "Falling back to a synchronous message for: https://bazara.co.mz."
console.warn: LoginRecipes: "Falling back to a synchronous message for: https://bazara.co.mz."
console.warn: LoginRecipes: "Falling back to a synchronous message for: https://bazara.co.mz."
console.warn: LoginRecipes: "Falling back to a synchronous message for: https://bazara.co.mz."
console.warn: LoginRecipes: "Falling back to a synchronous message for: https://bazara.co.mz."
console.warn: LoginRecipes: "Falling back to a synchronous message for: https://www.google.com."
1673490964303	geckodriver	INFO	Listening on 127.0.0.1:43703
1673490964831	mozrunner::runner	INFO	Running command: "/usr/bin/firefox" "--marionette" "--remote-debugging-port" "47197" "--remote-allow-hosts" "localhost" "-no-remote" "-profile" "/tmp/rust_mozprofilebBoIX3"
[GFX1-]: glxtest: VA-API test failed: no supported VAAPI profile found.
ATTENTION: default value of option mesa_glthread overridden by environment.
ATTENTION: default value of option mesa_glthread overridden by environment.
1673490967578	Marionette	INFO	Marionette enabled
1673490967590	Marionette	INFO	Listening on port 46275
Read port: 46275
ATTENTION: default value of option mesa_glthread overridden by environment.
1673490967887	Marionette	INFO	Stopped listening on port 42209
WebDriver BiDi listening on ws://127.0.0.1:47197
1673490968128	RemoteAgent	WARN	TLS certificate errors will be ignored for this session
console.warn: TopSitesFeed: Failed to fetch data from Contile server: NetworkError when attempting to fetch resource.
console.warn: SearchSettings: "get: No settings file exists, new profile?" (new NotFoundError("Could not open the file at /tmp/rust_mozprofilebBoIX3/search.json.mozlz4", (void 0)))
DevTools listening on ws://127.0.0.1:47197/devtools/browser/b53bc56a-6996-4de8-ae2f-6c1b3abf4281
JavaScript warning: https://bazara.co.mz/static/version20220821001337/frontend/Vodacom/Bazara/pt_PT/Sm_CartQuickPro/js/custom-addtocart.min.js, line 16: unreachable code after return statement
JavaScript warning: https://bazara.co.mz/static/version20220821001337/frontend/Vodacom/Bazara/pt_PT/Sm_CartQuickPro/js/custom-addtocart.min.js, line 17: unreachable code after return statement
console.warn: LoginRecipes: "Falling back to a synchronous message for: https://bazara.co.mz."
JavaScript error: https://bazara.co.mz/static/version20220821001337/frontend/Vodacom/Bazara/pt_PT/Sm_ShopBy/js/product/list/toolbar.min.js, line 2: TypeError: urlParams[i] is undefined
JavaScript warning: https://bazara.co.mz/static/version20220821001337/frontend/Vodacom/Bazara/pt_PT/Sm_CartQuickPro/js/custom-addtocart.min.js, line 16: unreachable code after return statement
JavaScript warning: https://bazara.co.mz/static/version20220821001337/frontend/Vodacom/Bazara/pt_PT/Sm_CartQuickPro/js/custom-addtocart.min.js, line 17: unreachable code after return statement
JavaScript error: https://bazara.co.mz/static/version20220821001337/frontend/Vodacom/Bazara/pt_PT/Sm_ShopBy/js/product/list/toolbar.min.js, line 2: TypeError: urlParams[i] is undefined
JavaScript warning: https://bazara.co.mz/static/version20220821001337/frontend/Vodacom/Bazara/pt_PT/Sm_CartQuickPro/js/custom-addtocart.min.js, line 16: unreachable code after return statement
JavaScript warning: https://bazara.co.mz/static/version20220821001337/frontend/Vodacom/Bazara/pt_PT/Sm_CartQuickPro/js/custom-addtocart.min.js, line 17: unreachable code after return statement
Exiting due to channel error.
Exiting due to channel error.
Exiting due to channel error.
1673491219023	geckodriver	INFO	Listening on 127.0.0.1:57449
1673491219035	mozrunner::runner	INFO	Running command: "/usr/bin/firefox" "--marionette" "--remote-debugging-port" "56945" "--remote-allow-hosts" "localhost" "-no-remote" "-profile" "/tmp/rust_mozprofilecgpGmo"
[GFX1-]: glxtest: VA-API test failed: no supported VAAPI profile found.
ATTENTION: default value of option mesa_glthread overridden by environment.
ATTENTION: default value of option mesa_glthread overridden by environment.
1673491220697	Marionette	INFO	Marionette enabled
1673491220708	Marionette	INFO	Listening on port 37989
Read port: 37989
ATTENTION: default value of option mesa_glthread overridden by environment.
WebDriver BiDi listening on ws://127.0.0.1:56945
1673491221064	RemoteAgent	WARN	TLS certificate errors will be ignored for this session
console.warn: SearchSettings: "get: No settings file exists, new profile?" (new NotFoundError("Could not open the file at /tmp/rust_mozprofilecgpGmo/search.json.mozlz4", (void 0)))
DevTools listening on ws://127.0.0.1:56945/devtools/browser/c4c1ba1f-b832-4ead-92de-d159776f8857
JavaScript warning: https://bazara.co.mz/static/version20220821001337/frontend/Vodacom/Bazara/pt_PT/Sm_CartQuickPro/js/custom-addtocart.min.js, line 16: unreachable code after return statement
JavaScript warning: https://bazara.co.mz/static/version20220821001337/frontend/Vodacom/Bazara/pt_PT/Sm_CartQuickPro/js/custom-addtocart.min.js, line 17: unreachable code after return statement
console.warn: LoginRecipes: "Falling back to a synchronous message for: https://bazara.co.mz."
JavaScript error: https://bazara.co.mz/static/version20220821001337/frontend/Vodacom/Bazara/pt_PT/Sm_ShopBy/js/product/list/toolbar.min.js, line 2: TypeError: urlParams[i] is undefined
JavaScript warning: https://bazara.co.mz/static/version20220821001337/frontend/Vodacom/Bazara/pt_PT/Sm_CartQuickPro/js/custom-addtocart.min.js, line 16: unreachable code after return statement
JavaScript warning: https://bazara.co.mz/static/version20220821001337/frontend/Vodacom/Bazara/pt_PT/Sm_CartQuickPro/js/custom-addtocart.min.js, line 17: unreachable code after return statement
Exiting due to channel error.
Exiting due to channel error.
Exiting due to channel error.
1673491419604	geckodriver	INFO	Listening on 127.0.0.1:59573
1673491419616	mozrunner::runner	INFO	Running command: "/usr/bin/firefox" "--marionette" "--remote-debugging-port" "57489" "--remote-allow-hosts" "localhost" "-no-remote" "-profile" "/tmp/rust_mozprofilesSyISH"
[GFX1-]: glxtest: VA-API test failed: no supported VAAPI profile found.
ATTENTION: default value of option mesa_glthread overridden by environment.
ATTENTION: default value of option mesa_glthread overridden by environment.
1673491421256	Marionette	INFO	Marionette enabled
1673491421267	Marionette	INFO	Listening on port 36613
Read port: 36613
ATTENTION: default value of option mesa_glthread overridden by environment.
WebDriver BiDi listening on ws://127.0.0.1:57489
1673491421581	RemoteAgent	WARN	TLS certificate errors will be ignored for this session
console.warn: SearchSettings: "get: No settings file exists, new profile?" (new NotFoundError("Could not open the file at /tmp/rust_mozprofilesSyISH/search.json.mozlz4", (void 0)))
DevTools listening on ws://127.0.0.1:57489/devtools/browser/73d500bf-4849-449f-b580-2c31d4002056
JavaScript warning: https://bazara.co.mz/static/version20220821001337/frontend/Vodacom/Bazara/pt_PT/Sm_CartQuickPro/js/custom-addtocart.min.js, line 16: unreachable code after return statement
JavaScript warning: https://bazara.co.mz/static/version20220821001337/frontend/Vodacom/Bazara/pt_PT/Sm_CartQuickPro/js/custom-addtocart.min.js, line 17: unreachable code after return statement
console.warn: LoginRecipes: "Falling back to a synchronous message for: https://bazara.co.mz."
JavaScript error: https://bazara.co.mz/static/version20220821001337/frontend/Vodacom/Bazara/pt_PT/Sm_ShopBy/js/product/list/toolbar.min.js, line 2: TypeError: urlParams[i] is undefined
console.warn: LoginRecipes: "Falling back to a synchronous message for: https://bazara.co.mz."
console.warn: LoginRecipes: "Falling back to a synchronous message for: https://bazara.co.mz."
console.warn: LoginRecipes: "Falling back to a synchronous message for: https://bazara.co.mz."
console.warn: LoginRecipes: "Falling back to a synchronous message for: https://bazara.co.mz."
console.warn: LoginRecipes: "Falling back to a synchronous message for: https://bazara.co.mz."
console.warn: LoginRecipes: "Falling back to a synchronous message for: https://bazara.co.mz."
console.warn: LoginRecipes: "Falling back to a synchronous message for: https://bazara.co.mz."
JavaScript warning: https://bazara.co.mz/static/version20220821001337/frontend/Vodacom/Bazara/pt_PT/Sm_CartQuickPro/js/custom-addtocart.min.js, line 16: unreachable code after return statement
JavaScript warning: https://bazara.co.mz/static/version20220821001337/frontend/Vodacom/Bazara/pt_PT/Sm_CartQuickPro/js/custom-addtocart.min.js, line 17: unreachable code after return statement
JavaScript error: https://bazara.co.mz/static/version20220821001337/frontend/Vodacom/Bazara/pt_PT/Sm_ShopBy/js/product/list/toolbar.min.js, line 2: TypeError: urlParams[i] is undefined
console.warn: LoginRecipes: "Falling back to a synchronous message for: https://bazara.co.mz."
console.warn: LoginRecipes: "Falling back to a synchronous message for: https://bazara.co.mz."
console.warn: LoginRecipes: "Falling back to a synchronous message for: https://bazara.co.mz."
console.warn: LoginRecipes: "Falling back to a synchronous message for: https://bazara.co.mz."
console.warn: LoginRecipes: "Falling back to a synchronous message for: https://bazara.co.mz."
console.warn: LoginRecipes: "Falling back to a synchronous message for: https://bazara.co.mz."
JavaScript warning: https://bazara.co.mz/static/version20220821001337/frontend/Vodacom/Bazara/pt_PT/Sm_CartQuickPro/js/custom-addtocart.min.js, line 16: unreachable code after return statement
JavaScript warning: https://bazara.co.mz/static/version20220821001337/frontend/Vodacom/Bazara/pt_PT/Sm_CartQuickPro/js/custom-addtocart.min.js, line 17: unreachable code after return statement
JavaScript error: https://bazara.co.mz/static/version20220821001337/frontend/Vodacom/Bazara/pt_PT/Sm_ShopBy/js/product/list/toolbar.min.js, line 2: TypeError: urlParams[i] is undefined
console.warn: LoginRecipes: "Falling back to a synchronous message for: https://bazara.co.mz."
console.warn: LoginRecipes: "Falling back to a synchronous message for: https://bazara.co.mz."
console.warn: LoginRecipes: "Falling back to a synchronous message for: https://bazara.co.mz."
console.warn: LoginRecipes: "Falling back to a synchronous message for: https://bazara.co.mz."
console.warn: LoginRecipes: "Falling back to a synchronous message for: https://bazara.co.mz."
console.warn: LoginRecipes: "Falling back to a synchronous message for: https://bazara.co.mz."
JavaScript warning: https://bazara.co.mz/static/version20220821001337/frontend/Vodacom/Bazara/pt_PT/Sm_CartQuickPro/js/custom-addtocart.min.js, line 16: unreachable code after return statement
JavaScript warning: https://bazara.co.mz/static/version20220821001337/frontend/Vodacom/Bazara/pt_PT/Sm_CartQuickPro/js/custom-addtocart.min.js, line 17: unreachable code after return statement
JavaScript error: https://bazara.co.mz/static/version20220821001337/frontend/Vodacom/Bazara/pt_PT/Sm_ShopBy/js/product/list/toolbar.min.js, line 2: TypeError: urlParams[i] is undefined
console.warn: LoginRecipes: "Falling back to a synchronous message for: https://bazara.co.mz."
console.warn: LoginRecipes: "Falling back to a synchronous message for: https://bazara.co.mz."
console.warn: LoginRecipes: "Falling back to a synchronous message for: https://bazara.co.mz."
console.warn: LoginRecipes: "Falling back to a synchronous message for: https://bazara.co.mz."
console.warn: LoginRecipes: "Falling back to a synchronous message for: https://bazara.co.mz."
console.warn: LoginRecipes: "Falling back to a synchronous message for: https://bazara.co.mz."
JavaScript warning: https://bazara.co.mz/static/version20220821001337/frontend/Vodacom/Bazara/pt_PT/Sm_CartQuickPro/js/custom-addtocart.min.js, line 16: unreachable code after return statement
JavaScript warning: https://bazara.co.mz/static/version20220821001337/frontend/Vodacom/Bazara/pt_PT/Sm_CartQuickPro/js/custom-addtocart.min.js, line 17: unreachable code after return statement
JavaScript error: https://bazara.co.mz/static/version20220821001337/frontend/Vodacom/Bazara/pt_PT/Sm_ShopBy/js/product/list/toolbar.min.js, line 2: TypeError: urlParams[i] is undefined
console.warn: LoginRecipes: "Falling back to a synchronous message for: https://bazara.co.mz."
console.warn: LoginRecipes: "Falling back to a synchronous message for: https://bazara.co.mz."
console.warn: LoginRecipes: "Falling back to a synchronous message for: https://bazara.co.mz."
console.warn: LoginRecipes: "Falling back to a synchronous message for: https://bazara.co.mz."
console.warn: LoginRecipes: "Falling back to a synchronous message for: https://bazara.co.mz."
console.warn: LoginRecipes: "Falling back to a synchronous message for: https://bazara.co.mz."
JavaScript warning: https://bazara.co.mz/static/version20220821001337/frontend/Vodacom/Bazara/pt_PT/Sm_CartQuickPro/js/custom-addtocart.min.js, line 16: unreachable code after return statement
JavaScript warning: https://bazara.co.mz/static/version20220821001337/frontend/Vodacom/Bazara/pt_PT/Sm_CartQuickPro/js/custom-addtocart.min.js, line 17: unreachable code after return statement
1673492087673	Marionette	INFO	Stopped listening on port 36613
console.warn: TopSitesFeed: Failed to fetch data from Contile server: NetworkError when attempting to fetch resource.
